<?xml version="1.0" encoding="UTF-8"?>
<!-- Generated by org.testng.reporters.JUnitXMLReporter -->
<testsuite ignored="4" hostname="SSSLBG4NB466" failures="0" tests="4" name="Default test" time="20.986" errors="0" timestamp="2024-07-03T16:13:28 IST">
  <testcase classname="com.sonata.BankManagerLogin.TestDriver" name="search" time="3.511"/>
  <testcase classname="com.sonata.BankManagerLogin.TestDriver" name="search" time="1.935"/>
  <testcase classname="com.sonata.BankManagerLogin.TestDriver" name="search" time="6.854"/>
  <testcase classname="com.sonata.BankManagerLogin.TestDriver" name="search" time="1.924"/>
  <testcase classname="com.sonata.BankManagerLogin.TestDriver" name="managerAddCustomer" time="0.0">
    <ignored/>
  </testcase> <!-- managerAddCustomer -->
  <testcase classname="com.sonata.BankManagerLogin.TestDriver" name="deleteCustomer" time="0.0">
    <ignored/>
  </testcase> <!-- deleteCustomer -->
  <testcase classname="com.sonata.BankManagerLogin.TestDriver" name="managerOpenAccount1" time="0.0">
    <ignored/>
  </testcase> <!-- managerOpenAccount1 -->
  <testcase classname="com.sonata.BankManagerLogin.TestDriver" name="managerOpenAccount2" time="0.0">
    <ignored/>
  </testcase> <!-- managerOpenAccount2 -->
</testsuite> <!-- Default test -->
